[12-Dec-2017 10:23:27 UTC] PHP Warning:  require_once(/home/k/projects/kinisi/libraries/joomla/factory.php): failed to open stream: No such file or directory in /home/k/projects/kinisi/plugins/system/plugin_googlemap3/plugin_googlemap3.css.php on line 50
[12-Dec-2017 10:23:27 UTC] PHP Stack trace:
[12-Dec-2017 10:23:27 UTC] PHP   1. {main}() /home/k/projects/kinisi/plugins/system/plugin_googlemap3/plugin_googlemap3.css.php:0
[12-Dec-2017 10:23:27 UTC] PHP Fatal error:  require_once(): Failed opening required '/home/k/projects/kinisi/libraries/joomla/factory.php' (include_path='.:/usr/share/php56/pear') in /home/k/projects/kinisi/plugins/system/plugin_googlemap3/plugin_googlemap3.css.php on line 50
[12-Dec-2017 10:23:27 UTC] PHP Stack trace:
[12-Dec-2017 10:23:27 UTC] PHP   1. {main}() /home/k/projects/kinisi/plugins/system/plugin_googlemap3/plugin_googlemap3.css.php:0
[12-Dec-2017 10:24:21 UTC] PHP Warning:  require_once(/home/k/projects/kinisi/libraries/joomla/factory.php): failed to open stream: No such file or directory in /home/k/projects/kinisi/plugins/system/plugin_googlemap3/plugin_googlemap3.css.php on line 50
[12-Dec-2017 10:24:21 UTC] PHP Stack trace:
[12-Dec-2017 10:24:21 UTC] PHP   1. {main}() /home/k/projects/kinisi/plugins/system/plugin_googlemap3/plugin_googlemap3.css.php:0
[12-Dec-2017 10:24:21 UTC] PHP Fatal error:  require_once(): Failed opening required '/home/k/projects/kinisi/libraries/joomla/factory.php' (include_path='.:/usr/share/php56/pear') in /home/k/projects/kinisi/plugins/system/plugin_googlemap3/plugin_googlemap3.css.php on line 50
[12-Dec-2017 10:24:21 UTC] PHP Stack trace:
[12-Dec-2017 10:24:21 UTC] PHP   1. {main}() /home/k/projects/kinisi/plugins/system/plugin_googlemap3/plugin_googlemap3.css.php:0
[12-Dec-2017 10:38:24 UTC] PHP Warning:  require_once(/home/k/projects/kinisi/libraries/joomla/factory.php): failed to open stream: No such file or directory in /home/k/projects/kinisi/plugins/system/plugin_googlemap3/plugin_googlemap3.css.php on line 50
[12-Dec-2017 10:38:24 UTC] PHP Stack trace:
[12-Dec-2017 10:38:24 UTC] PHP   1. {main}() /home/k/projects/kinisi/plugins/system/plugin_googlemap3/plugin_googlemap3.css.php:0
[12-Dec-2017 10:38:24 UTC] PHP Fatal error:  require_once(): Failed opening required '/home/k/projects/kinisi/libraries/joomla/factory.php' (include_path='.:/usr/share/php56/pear') in /home/k/projects/kinisi/plugins/system/plugin_googlemap3/plugin_googlemap3.css.php on line 50
[12-Dec-2017 10:38:24 UTC] PHP Stack trace:
[12-Dec-2017 10:38:24 UTC] PHP   1. {main}() /home/k/projects/kinisi/plugins/system/plugin_googlemap3/plugin_googlemap3.css.php:0
[12-Dec-2017 10:59:59 UTC] PHP Warning:  require_once(/home/k/projects/kinisi/libraries/joomla/factory.php): failed to open stream: No such file or directory in /home/k/projects/kinisi/plugins/system/plugin_googlemap3/plugin_googlemap3.css.php on line 50
[12-Dec-2017 10:59:59 UTC] PHP Stack trace:
[12-Dec-2017 10:59:59 UTC] PHP   1. {main}() /home/k/projects/kinisi/plugins/system/plugin_googlemap3/plugin_googlemap3.css.php:0
[12-Dec-2017 10:59:59 UTC] PHP Fatal error:  require_once(): Failed opening required '/home/k/projects/kinisi/libraries/joomla/factory.php' (include_path='.:/usr/share/php56/pear') in /home/k/projects/kinisi/plugins/system/plugin_googlemap3/plugin_googlemap3.css.php on line 50
[12-Dec-2017 10:59:59 UTC] PHP Stack trace:
[12-Dec-2017 10:59:59 UTC] PHP   1. {main}() /home/k/projects/kinisi/plugins/system/plugin_googlemap3/plugin_googlemap3.css.php:0
[14-Dec-2017 14:04:13 UTC] PHP Warning:  require_once(/home/k/projects/kinisi/libraries/joomla/factory.php): failed to open stream: No such file or directory in /home/k/projects/kinisi/plugins/system/plugin_googlemap3/plugin_googlemap3.css.php on line 50
[14-Dec-2017 14:04:13 UTC] PHP Stack trace:
[14-Dec-2017 14:04:13 UTC] PHP   1. {main}() /home/k/projects/kinisi/plugins/system/plugin_googlemap3/plugin_googlemap3.css.php:0
[14-Dec-2017 14:04:13 UTC] PHP Fatal error:  require_once(): Failed opening required '/home/k/projects/kinisi/libraries/joomla/factory.php' (include_path='.:/usr/share/php56/pear') in /home/k/projects/kinisi/plugins/system/plugin_googlemap3/plugin_googlemap3.css.php on line 50
[14-Dec-2017 14:04:13 UTC] PHP Stack trace:
[14-Dec-2017 14:04:13 UTC] PHP   1. {main}() /home/k/projects/kinisi/plugins/system/plugin_googlemap3/plugin_googlemap3.css.php:0
[18-Dec-2017 19:38:43 UTC] PHP Warning:  require_once(/home/k/projects/kinisi/libraries/joomla/factory.php): failed to open stream: No such file or directory in /home/k/projects/kinisi/plugins/system/plugin_googlemap3/plugin_googlemap3.css.php on line 50
[18-Dec-2017 19:38:43 UTC] PHP Stack trace:
[18-Dec-2017 19:38:43 UTC] PHP   1. {main}() /home/k/projects/kinisi/plugins/system/plugin_googlemap3/plugin_googlemap3.css.php:0
[18-Dec-2017 19:38:43 UTC] PHP Fatal error:  require_once(): Failed opening required '/home/k/projects/kinisi/libraries/joomla/factory.php' (include_path='.:/usr/share/php56/pear') in /home/k/projects/kinisi/plugins/system/plugin_googlemap3/plugin_googlemap3.css.php on line 50
[18-Dec-2017 19:38:43 UTC] PHP Stack trace:
[18-Dec-2017 19:38:43 UTC] PHP   1. {main}() /home/k/projects/kinisi/plugins/system/plugin_googlemap3/plugin_googlemap3.css.php:0
[18-Feb-2018 16:10:59 UTC] PHP Warning:  require_once(/home/k/projects/kinisi/libraries/joomla/factory.php): failed to open stream: No such file or directory in /home/k/projects/kinisi/plugins/system/plugin_googlemap3/plugin_googlemap3.css.php on line 50
[18-Feb-2018 16:10:59 UTC] PHP Stack trace:
[18-Feb-2018 16:10:59 UTC] PHP   1. {main}() /home/k/projects/kinisi/plugins/system/plugin_googlemap3/plugin_googlemap3.css.php:0
[18-Feb-2018 16:10:59 UTC] PHP Fatal error:  require_once(): Failed opening required '/home/k/projects/kinisi/libraries/joomla/factory.php' (include_path='.:/usr/share/php56/pear') in /home/k/projects/kinisi/plugins/system/plugin_googlemap3/plugin_googlemap3.css.php on line 50
[18-Feb-2018 16:10:59 UTC] PHP Stack trace:
[18-Feb-2018 16:10:59 UTC] PHP   1. {main}() /home/k/projects/kinisi/plugins/system/plugin_googlemap3/plugin_googlemap3.css.php:0
[18-Feb-2018 16:41:23 UTC] PHP Warning:  require_once(/home/k/projects/kinisi/libraries/joomla/factory.php): failed to open stream: No such file or directory in /home/k/projects/kinisi/plugins/system/plugin_googlemap3/plugin_googlemap3.css.php on line 50
[18-Feb-2018 16:41:23 UTC] PHP Stack trace:
[18-Feb-2018 16:41:23 UTC] PHP   1. {main}() /home/k/projects/kinisi/plugins/system/plugin_googlemap3/plugin_googlemap3.css.php:0
[18-Feb-2018 16:41:23 UTC] PHP Fatal error:  require_once(): Failed opening required '/home/k/projects/kinisi/libraries/joomla/factory.php' (include_path='.:/usr/share/php56/pear') in /home/k/projects/kinisi/plugins/system/plugin_googlemap3/plugin_googlemap3.css.php on line 50
[18-Feb-2018 16:41:23 UTC] PHP Stack trace:
[18-Feb-2018 16:41:23 UTC] PHP   1. {main}() /home/k/projects/kinisi/plugins/system/plugin_googlemap3/plugin_googlemap3.css.php:0
[18-Feb-2018 20:30:56 UTC] PHP Warning:  require_once(/home/k/projects/kinisi/libraries/joomla/factory.php): failed to open stream: No such file or directory in /home/k/projects/kinisi/plugins/system/plugin_googlemap3/plugin_googlemap3.css.php on line 50
[18-Feb-2018 20:30:56 UTC] PHP Stack trace:
[18-Feb-2018 20:30:56 UTC] PHP   1. {main}() /home/k/projects/kinisi/plugins/system/plugin_googlemap3/plugin_googlemap3.css.php:0
[18-Feb-2018 20:30:56 UTC] PHP Fatal error:  require_once(): Failed opening required '/home/k/projects/kinisi/libraries/joomla/factory.php' (include_path='.:/usr/share/php56/pear') in /home/k/projects/kinisi/plugins/system/plugin_googlemap3/plugin_googlemap3.css.php on line 50
[18-Feb-2018 20:30:56 UTC] PHP Stack trace:
[18-Feb-2018 20:30:56 UTC] PHP   1. {main}() /home/k/projects/kinisi/plugins/system/plugin_googlemap3/plugin_googlemap3.css.php:0
[13-Mar-2018 12:58:16 UTC] PHP Warning:  require_once(/home/k/projects/kinisi/libraries/joomla/factory.php): failed to open stream: No such file or directory in /home/k/projects/kinisi/plugins/system/plugin_googlemap3/plugin_googlemap3.css.php on line 50
[13-Mar-2018 12:58:16 UTC] PHP Stack trace:
[13-Mar-2018 12:58:16 UTC] PHP   1. {main}() /home/k/projects/kinisi/plugins/system/plugin_googlemap3/plugin_googlemap3.css.php:0
[13-Mar-2018 12:58:16 UTC] PHP Fatal error:  require_once(): Failed opening required '/home/k/projects/kinisi/libraries/joomla/factory.php' (include_path='.:/usr/share/php56/pear') in /home/k/projects/kinisi/plugins/system/plugin_googlemap3/plugin_googlemap3.css.php on line 50
[13-Mar-2018 12:58:16 UTC] PHP Stack trace:
[13-Mar-2018 12:58:16 UTC] PHP   1. {main}() /home/k/projects/kinisi/plugins/system/plugin_googlemap3/plugin_googlemap3.css.php:0
[13-Mar-2018 12:59:29 UTC] PHP Warning:  require_once(/home/k/projects/kinisi/libraries/joomla/factory.php): failed to open stream: No such file or directory in /home/k/projects/kinisi/plugins/system/plugin_googlemap3/plugin_googlemap3.css.php on line 50
[13-Mar-2018 12:59:29 UTC] PHP Stack trace:
[13-Mar-2018 12:59:29 UTC] PHP   1. {main}() /home/k/projects/kinisi/plugins/system/plugin_googlemap3/plugin_googlemap3.css.php:0
[13-Mar-2018 12:59:29 UTC] PHP Fatal error:  require_once(): Failed opening required '/home/k/projects/kinisi/libraries/joomla/factory.php' (include_path='.:/usr/share/php56/pear') in /home/k/projects/kinisi/plugins/system/plugin_googlemap3/plugin_googlemap3.css.php on line 50
[13-Mar-2018 12:59:29 UTC] PHP Stack trace:
[13-Mar-2018 12:59:29 UTC] PHP   1. {main}() /home/k/projects/kinisi/plugins/system/plugin_googlemap3/plugin_googlemap3.css.php:0
[13-Mar-2018 13:01:55 UTC] PHP Warning:  require_once(/home/k/projects/kinisi/libraries/joomla/factory.php): failed to open stream: No such file or directory in /home/k/projects/kinisi/plugins/system/plugin_googlemap3/plugin_googlemap3.css.php on line 50
[13-Mar-2018 13:01:55 UTC] PHP Stack trace:
[13-Mar-2018 13:01:55 UTC] PHP   1. {main}() /home/k/projects/kinisi/plugins/system/plugin_googlemap3/plugin_googlemap3.css.php:0
[13-Mar-2018 13:01:55 UTC] PHP Fatal error:  require_once(): Failed opening required '/home/k/projects/kinisi/libraries/joomla/factory.php' (include_path='.:/usr/share/php56/pear') in /home/k/projects/kinisi/plugins/system/plugin_googlemap3/plugin_googlemap3.css.php on line 50
[13-Mar-2018 13:01:55 UTC] PHP Stack trace:
[13-Mar-2018 13:01:55 UTC] PHP   1. {main}() /home/k/projects/kinisi/plugins/system/plugin_googlemap3/plugin_googlemap3.css.php:0
[13-Mar-2018 13:30:59 UTC] PHP Warning:  require_once(/home/k/projects/kinisi/libraries/joomla/factory.php): failed to open stream: No such file or directory in /home/k/projects/kinisi/plugins/system/plugin_googlemap3/plugin_googlemap3.css.php on line 50
[13-Mar-2018 13:30:59 UTC] PHP Stack trace:
[13-Mar-2018 13:30:59 UTC] PHP   1. {main}() /home/k/projects/kinisi/plugins/system/plugin_googlemap3/plugin_googlemap3.css.php:0
[13-Mar-2018 13:30:59 UTC] PHP Fatal error:  require_once(): Failed opening required '/home/k/projects/kinisi/libraries/joomla/factory.php' (include_path='.:/usr/share/php56/pear') in /home/k/projects/kinisi/plugins/system/plugin_googlemap3/plugin_googlemap3.css.php on line 50
[13-Mar-2018 13:30:59 UTC] PHP Stack trace:
[13-Mar-2018 13:30:59 UTC] PHP   1. {main}() /home/k/projects/kinisi/plugins/system/plugin_googlemap3/plugin_googlemap3.css.php:0
[13-Mar-2018 13:34:10 UTC] PHP Warning:  require_once(/home/k/projects/kinisi/libraries/joomla/factory.php): failed to open stream: No such file or directory in /home/k/projects/kinisi/plugins/system/plugin_googlemap3/plugin_googlemap3.css.php on line 50
[13-Mar-2018 13:34:10 UTC] PHP Stack trace:
[13-Mar-2018 13:34:10 UTC] PHP   1. {main}() /home/k/projects/kinisi/plugins/system/plugin_googlemap3/plugin_googlemap3.css.php:0
[13-Mar-2018 13:34:10 UTC] PHP Fatal error:  require_once(): Failed opening required '/home/k/projects/kinisi/libraries/joomla/factory.php' (include_path='.:/usr/share/php56/pear') in /home/k/projects/kinisi/plugins/system/plugin_googlemap3/plugin_googlemap3.css.php on line 50
[13-Mar-2018 13:34:10 UTC] PHP Stack trace:
[13-Mar-2018 13:34:10 UTC] PHP   1. {main}() /home/k/projects/kinisi/plugins/system/plugin_googlemap3/plugin_googlemap3.css.php:0
[13-Mar-2018 13:37:57 UTC] PHP Warning:  require_once(/home/k/projects/kinisi/libraries/joomla/factory.php): failed to open stream: No such file or directory in /home/k/projects/kinisi/plugins/system/plugin_googlemap3/plugin_googlemap3.css.php on line 50
[13-Mar-2018 13:37:57 UTC] PHP Stack trace:
[13-Mar-2018 13:37:57 UTC] PHP   1. {main}() /home/k/projects/kinisi/plugins/system/plugin_googlemap3/plugin_googlemap3.css.php:0
[13-Mar-2018 13:37:57 UTC] PHP Fatal error:  require_once(): Failed opening required '/home/k/projects/kinisi/libraries/joomla/factory.php' (include_path='.:/usr/share/php56/pear') in /home/k/projects/kinisi/plugins/system/plugin_googlemap3/plugin_googlemap3.css.php on line 50
[13-Mar-2018 13:37:57 UTC] PHP Stack trace:
[13-Mar-2018 13:37:57 UTC] PHP   1. {main}() /home/k/projects/kinisi/plugins/system/plugin_googlemap3/plugin_googlemap3.css.php:0
[13-Mar-2018 13:38:38 UTC] PHP Warning:  require_once(/home/k/projects/kinisi/libraries/joomla/factory.php): failed to open stream: No such file or directory in /home/k/projects/kinisi/plugins/system/plugin_googlemap3/plugin_googlemap3.css.php on line 50
[13-Mar-2018 13:38:38 UTC] PHP Stack trace:
[13-Mar-2018 13:38:38 UTC] PHP   1. {main}() /home/k/projects/kinisi/plugins/system/plugin_googlemap3/plugin_googlemap3.css.php:0
[13-Mar-2018 13:38:38 UTC] PHP Fatal error:  require_once(): Failed opening required '/home/k/projects/kinisi/libraries/joomla/factory.php' (include_path='.:/usr/share/php56/pear') in /home/k/projects/kinisi/plugins/system/plugin_googlemap3/plugin_googlemap3.css.php on line 50
[13-Mar-2018 13:38:38 UTC] PHP Stack trace:
[13-Mar-2018 13:38:38 UTC] PHP   1. {main}() /home/k/projects/kinisi/plugins/system/plugin_googlemap3/plugin_googlemap3.css.php:0
[13-Mar-2018 13:38:59 UTC] PHP Warning:  require_once(/home/k/projects/kinisi/libraries/joomla/factory.php): failed to open stream: No such file or directory in /home/k/projects/kinisi/plugins/system/plugin_googlemap3/plugin_googlemap3.css.php on line 50
[13-Mar-2018 13:38:59 UTC] PHP Stack trace:
[13-Mar-2018 13:38:59 UTC] PHP   1. {main}() /home/k/projects/kinisi/plugins/system/plugin_googlemap3/plugin_googlemap3.css.php:0
[13-Mar-2018 13:38:59 UTC] PHP Fatal error:  require_once(): Failed opening required '/home/k/projects/kinisi/libraries/joomla/factory.php' (include_path='.:/usr/share/php56/pear') in /home/k/projects/kinisi/plugins/system/plugin_googlemap3/plugin_googlemap3.css.php on line 50
[13-Mar-2018 13:38:59 UTC] PHP Stack trace:
[13-Mar-2018 13:38:59 UTC] PHP   1. {main}() /home/k/projects/kinisi/plugins/system/plugin_googlemap3/plugin_googlemap3.css.php:0
[13-Mar-2018 13:44:04 UTC] PHP Warning:  require_once(/home/k/projects/kinisi/libraries/joomla/factory.php): failed to open stream: No such file or directory in /home/k/projects/kinisi/plugins/system/plugin_googlemap3/plugin_googlemap3.css.php on line 50
[13-Mar-2018 13:44:04 UTC] PHP Stack trace:
[13-Mar-2018 13:44:04 UTC] PHP   1. {main}() /home/k/projects/kinisi/plugins/system/plugin_googlemap3/plugin_googlemap3.css.php:0
[13-Mar-2018 13:44:04 UTC] PHP Fatal error:  require_once(): Failed opening required '/home/k/projects/kinisi/libraries/joomla/factory.php' (include_path='.:/usr/share/php56/pear') in /home/k/projects/kinisi/plugins/system/plugin_googlemap3/plugin_googlemap3.css.php on line 50
[13-Mar-2018 13:44:04 UTC] PHP Stack trace:
[13-Mar-2018 13:44:04 UTC] PHP   1. {main}() /home/k/projects/kinisi/plugins/system/plugin_googlemap3/plugin_googlemap3.css.php:0
[14-Mar-2018 13:15:49 UTC] PHP Warning:  require_once(/home/k/projects/kinisi/libraries/joomla/factory.php): failed to open stream: No such file or directory in /home/k/projects/kinisi/plugins/system/plugin_googlemap3/plugin_googlemap3.css.php on line 50
[14-Mar-2018 13:15:49 UTC] PHP Stack trace:
[14-Mar-2018 13:15:49 UTC] PHP   1. {main}() /home/k/projects/kinisi/plugins/system/plugin_googlemap3/plugin_googlemap3.css.php:0
[14-Mar-2018 13:15:49 UTC] PHP Fatal error:  require_once(): Failed opening required '/home/k/projects/kinisi/libraries/joomla/factory.php' (include_path='.:/usr/share/php56/pear') in /home/k/projects/kinisi/plugins/system/plugin_googlemap3/plugin_googlemap3.css.php on line 50
[14-Mar-2018 13:15:49 UTC] PHP Stack trace:
[14-Mar-2018 13:15:49 UTC] PHP   1. {main}() /home/k/projects/kinisi/plugins/system/plugin_googlemap3/plugin_googlemap3.css.php:0
[14-Mar-2018 17:18:51 UTC] PHP Warning:  require_once(/home/k/projects/kinisi/libraries/joomla/factory.php): failed to open stream: No such file or directory in /home/k/projects/kinisi/plugins/system/plugin_googlemap3/plugin_googlemap3.css.php on line 50
[14-Mar-2018 17:18:51 UTC] PHP Stack trace:
[14-Mar-2018 17:18:51 UTC] PHP   1. {main}() /home/k/projects/kinisi/plugins/system/plugin_googlemap3/plugin_googlemap3.css.php:0
[14-Mar-2018 17:18:51 UTC] PHP Fatal error:  require_once(): Failed opening required '/home/k/projects/kinisi/libraries/joomla/factory.php' (include_path='.:/usr/share/php56/pear') in /home/k/projects/kinisi/plugins/system/plugin_googlemap3/plugin_googlemap3.css.php on line 50
[14-Mar-2018 17:18:51 UTC] PHP Stack trace:
[14-Mar-2018 17:18:51 UTC] PHP   1. {main}() /home/k/projects/kinisi/plugins/system/plugin_googlemap3/plugin_googlemap3.css.php:0
[14-Mar-2018 17:58:20 UTC] PHP Warning:  require_once(/home/k/projects/kinisi/libraries/joomla/factory.php): failed to open stream: No such file or directory in /home/k/projects/kinisi/plugins/system/plugin_googlemap3/plugin_googlemap3.css.php on line 50
[14-Mar-2018 17:58:20 UTC] PHP Stack trace:
[14-Mar-2018 17:58:20 UTC] PHP   1. {main}() /home/k/projects/kinisi/plugins/system/plugin_googlemap3/plugin_googlemap3.css.php:0
[14-Mar-2018 17:58:20 UTC] PHP Fatal error:  require_once(): Failed opening required '/home/k/projects/kinisi/libraries/joomla/factory.php' (include_path='.:/usr/share/php56/pear') in /home/k/projects/kinisi/plugins/system/plugin_googlemap3/plugin_googlemap3.css.php on line 50
[14-Mar-2018 17:58:20 UTC] PHP Stack trace:
[14-Mar-2018 17:58:20 UTC] PHP   1. {main}() /home/k/projects/kinisi/plugins/system/plugin_googlemap3/plugin_googlemap3.css.php:0
[14-Mar-2018 17:58:35 UTC] PHP Warning:  require_once(/home/k/projects/kinisi/libraries/joomla/factory.php): failed to open stream: No such file or directory in /home/k/projects/kinisi/plugins/system/plugin_googlemap3/plugin_googlemap3.css.php on line 50
[14-Mar-2018 17:58:35 UTC] PHP Stack trace:
[14-Mar-2018 17:58:35 UTC] PHP   1. {main}() /home/k/projects/kinisi/plugins/system/plugin_googlemap3/plugin_googlemap3.css.php:0
[14-Mar-2018 17:58:35 UTC] PHP Fatal error:  require_once(): Failed opening required '/home/k/projects/kinisi/libraries/joomla/factory.php' (include_path='.:/usr/share/php56/pear') in /home/k/projects/kinisi/plugins/system/plugin_googlemap3/plugin_googlemap3.css.php on line 50
[14-Mar-2018 17:58:35 UTC] PHP Stack trace:
[14-Mar-2018 17:58:35 UTC] PHP   1. {main}() /home/k/projects/kinisi/plugins/system/plugin_googlemap3/plugin_googlemap3.css.php:0
[14-Mar-2018 17:59:12 UTC] PHP Warning:  require_once(/home/k/projects/kinisi/libraries/joomla/factory.php): failed to open stream: No such file or directory in /home/k/projects/kinisi/plugins/system/plugin_googlemap3/plugin_googlemap3.css.php on line 50
[14-Mar-2018 17:59:12 UTC] PHP Stack trace:
[14-Mar-2018 17:59:12 UTC] PHP   1. {main}() /home/k/projects/kinisi/plugins/system/plugin_googlemap3/plugin_googlemap3.css.php:0
[14-Mar-2018 17:59:12 UTC] PHP Fatal error:  require_once(): Failed opening required '/home/k/projects/kinisi/libraries/joomla/factory.php' (include_path='.:/usr/share/php56/pear') in /home/k/projects/kinisi/plugins/system/plugin_googlemap3/plugin_googlemap3.css.php on line 50
[14-Mar-2018 17:59:12 UTC] PHP Stack trace:
[14-Mar-2018 17:59:12 UTC] PHP   1. {main}() /home/k/projects/kinisi/plugins/system/plugin_googlemap3/plugin_googlemap3.css.php:0
[14-Mar-2018 17:59:18 UTC] PHP Warning:  require_once(/home/k/projects/kinisi/libraries/joomla/factory.php): failed to open stream: No such file or directory in /home/k/projects/kinisi/plugins/system/plugin_googlemap3/plugin_googlemap3.css.php on line 50
[14-Mar-2018 17:59:18 UTC] PHP Stack trace:
[14-Mar-2018 17:59:18 UTC] PHP   1. {main}() /home/k/projects/kinisi/plugins/system/plugin_googlemap3/plugin_googlemap3.css.php:0
[14-Mar-2018 17:59:18 UTC] PHP Fatal error:  require_once(): Failed opening required '/home/k/projects/kinisi/libraries/joomla/factory.php' (include_path='.:/usr/share/php56/pear') in /home/k/projects/kinisi/plugins/system/plugin_googlemap3/plugin_googlemap3.css.php on line 50
[14-Mar-2018 17:59:18 UTC] PHP Stack trace:
[14-Mar-2018 17:59:18 UTC] PHP   1. {main}() /home/k/projects/kinisi/plugins/system/plugin_googlemap3/plugin_googlemap3.css.php:0
[14-Mar-2018 17:59:43 UTC] PHP Warning:  require_once(/home/k/projects/kinisi/libraries/joomla/factory.php): failed to open stream: No such file or directory in /home/k/projects/kinisi/plugins/system/plugin_googlemap3/plugin_googlemap3.css.php on line 50
[14-Mar-2018 17:59:43 UTC] PHP Stack trace:
[14-Mar-2018 17:59:43 UTC] PHP   1. {main}() /home/k/projects/kinisi/plugins/system/plugin_googlemap3/plugin_googlemap3.css.php:0
[14-Mar-2018 17:59:43 UTC] PHP Fatal error:  require_once(): Failed opening required '/home/k/projects/kinisi/libraries/joomla/factory.php' (include_path='.:/usr/share/php56/pear') in /home/k/projects/kinisi/plugins/system/plugin_googlemap3/plugin_googlemap3.css.php on line 50
[14-Mar-2018 17:59:43 UTC] PHP Stack trace:
[14-Mar-2018 17:59:43 UTC] PHP   1. {main}() /home/k/projects/kinisi/plugins/system/plugin_googlemap3/plugin_googlemap3.css.php:0
[14-Mar-2018 18:07:42 UTC] PHP Warning:  require_once(/home/k/projects/kinisi/libraries/joomla/factory.php): failed to open stream: No such file or directory in /home/k/projects/kinisi/plugins/system/plugin_googlemap3/plugin_googlemap3.css.php on line 50
[14-Mar-2018 18:07:42 UTC] PHP Stack trace:
[14-Mar-2018 18:07:42 UTC] PHP   1. {main}() /home/k/projects/kinisi/plugins/system/plugin_googlemap3/plugin_googlemap3.css.php:0
[14-Mar-2018 18:07:42 UTC] PHP Fatal error:  require_once(): Failed opening required '/home/k/projects/kinisi/libraries/joomla/factory.php' (include_path='.:/usr/share/php56/pear') in /home/k/projects/kinisi/plugins/system/plugin_googlemap3/plugin_googlemap3.css.php on line 50
[14-Mar-2018 18:07:42 UTC] PHP Stack trace:
[14-Mar-2018 18:07:42 UTC] PHP   1. {main}() /home/k/projects/kinisi/plugins/system/plugin_googlemap3/plugin_googlemap3.css.php:0
[14-Mar-2018 18:08:31 UTC] PHP Warning:  require_once(/home/k/projects/kinisi/libraries/joomla/factory.php): failed to open stream: No such file or directory in /home/k/projects/kinisi/plugins/system/plugin_googlemap3/plugin_googlemap3.css.php on line 50
[14-Mar-2018 18:08:31 UTC] PHP Stack trace:
[14-Mar-2018 18:08:31 UTC] PHP   1. {main}() /home/k/projects/kinisi/plugins/system/plugin_googlemap3/plugin_googlemap3.css.php:0
[14-Mar-2018 18:08:31 UTC] PHP Fatal error:  require_once(): Failed opening required '/home/k/projects/kinisi/libraries/joomla/factory.php' (include_path='.:/usr/share/php56/pear') in /home/k/projects/kinisi/plugins/system/plugin_googlemap3/plugin_googlemap3.css.php on line 50
[14-Mar-2018 18:08:31 UTC] PHP Stack trace:
[14-Mar-2018 18:08:31 UTC] PHP   1. {main}() /home/k/projects/kinisi/plugins/system/plugin_googlemap3/plugin_googlemap3.css.php:0
[14-Mar-2018 18:08:56 UTC] PHP Warning:  require_once(/home/k/projects/kinisi/libraries/joomla/factory.php): failed to open stream: No such file or directory in /home/k/projects/kinisi/plugins/system/plugin_googlemap3/plugin_googlemap3.css.php on line 50
[14-Mar-2018 18:08:56 UTC] PHP Stack trace:
[14-Mar-2018 18:08:56 UTC] PHP   1. {main}() /home/k/projects/kinisi/plugins/system/plugin_googlemap3/plugin_googlemap3.css.php:0
[14-Mar-2018 18:08:56 UTC] PHP Fatal error:  require_once(): Failed opening required '/home/k/projects/kinisi/libraries/joomla/factory.php' (include_path='.:/usr/share/php56/pear') in /home/k/projects/kinisi/plugins/system/plugin_googlemap3/plugin_googlemap3.css.php on line 50
[14-Mar-2018 18:08:56 UTC] PHP Stack trace:
[14-Mar-2018 18:08:56 UTC] PHP   1. {main}() /home/k/projects/kinisi/plugins/system/plugin_googlemap3/plugin_googlemap3.css.php:0
[14-Mar-2018 18:09:59 UTC] PHP Warning:  require_once(/home/k/projects/kinisi/libraries/joomla/factory.php): failed to open stream: No such file or directory in /home/k/projects/kinisi/plugins/system/plugin_googlemap3/plugin_googlemap3.css.php on line 50
[14-Mar-2018 18:09:59 UTC] PHP Stack trace:
[14-Mar-2018 18:09:59 UTC] PHP   1. {main}() /home/k/projects/kinisi/plugins/system/plugin_googlemap3/plugin_googlemap3.css.php:0
[14-Mar-2018 18:09:59 UTC] PHP Fatal error:  require_once(): Failed opening required '/home/k/projects/kinisi/libraries/joomla/factory.php' (include_path='.:/usr/share/php56/pear') in /home/k/projects/kinisi/plugins/system/plugin_googlemap3/plugin_googlemap3.css.php on line 50
[14-Mar-2018 18:09:59 UTC] PHP Stack trace:
[14-Mar-2018 18:09:59 UTC] PHP   1. {main}() /home/k/projects/kinisi/plugins/system/plugin_googlemap3/plugin_googlemap3.css.php:0
[14-Mar-2018 18:26:53 UTC] PHP Warning:  require_once(/home/k/projects/kinisi/libraries/joomla/factory.php): failed to open stream: No such file or directory in /home/k/projects/kinisi/plugins/system/plugin_googlemap3/plugin_googlemap3.css.php on line 50
[14-Mar-2018 18:26:53 UTC] PHP Stack trace:
[14-Mar-2018 18:26:53 UTC] PHP   1. {main}() /home/k/projects/kinisi/plugins/system/plugin_googlemap3/plugin_googlemap3.css.php:0
[14-Mar-2018 18:26:53 UTC] PHP Fatal error:  require_once(): Failed opening required '/home/k/projects/kinisi/libraries/joomla/factory.php' (include_path='.:/usr/share/php56/pear') in /home/k/projects/kinisi/plugins/system/plugin_googlemap3/plugin_googlemap3.css.php on line 50
[14-Mar-2018 18:26:53 UTC] PHP Stack trace:
[14-Mar-2018 18:26:53 UTC] PHP   1. {main}() /home/k/projects/kinisi/plugins/system/plugin_googlemap3/plugin_googlemap3.css.php:0
[14-Mar-2018 18:29:31 UTC] PHP Warning:  require_once(/home/k/projects/kinisi/libraries/joomla/factory.php): failed to open stream: No such file or directory in /home/k/projects/kinisi/plugins/system/plugin_googlemap3/plugin_googlemap3.css.php on line 50
[14-Mar-2018 18:29:31 UTC] PHP Stack trace:
[14-Mar-2018 18:29:31 UTC] PHP   1. {main}() /home/k/projects/kinisi/plugins/system/plugin_googlemap3/plugin_googlemap3.css.php:0
[14-Mar-2018 18:29:31 UTC] PHP Fatal error:  require_once(): Failed opening required '/home/k/projects/kinisi/libraries/joomla/factory.php' (include_path='.:/usr/share/php56/pear') in /home/k/projects/kinisi/plugins/system/plugin_googlemap3/plugin_googlemap3.css.php on line 50
[14-Mar-2018 18:29:31 UTC] PHP Stack trace:
[14-Mar-2018 18:29:31 UTC] PHP   1. {main}() /home/k/projects/kinisi/plugins/system/plugin_googlemap3/plugin_googlemap3.css.php:0
[14-Mar-2018 18:29:45 UTC] PHP Warning:  require_once(/home/k/projects/kinisi/libraries/joomla/factory.php): failed to open stream: No such file or directory in /home/k/projects/kinisi/plugins/system/plugin_googlemap3/plugin_googlemap3.css.php on line 50
[14-Mar-2018 18:29:45 UTC] PHP Stack trace:
[14-Mar-2018 18:29:45 UTC] PHP   1. {main}() /home/k/projects/kinisi/plugins/system/plugin_googlemap3/plugin_googlemap3.css.php:0
[14-Mar-2018 18:29:45 UTC] PHP Fatal error:  require_once(): Failed opening required '/home/k/projects/kinisi/libraries/joomla/factory.php' (include_path='.:/usr/share/php56/pear') in /home/k/projects/kinisi/plugins/system/plugin_googlemap3/plugin_googlemap3.css.php on line 50
[14-Mar-2018 18:29:45 UTC] PHP Stack trace:
[14-Mar-2018 18:29:45 UTC] PHP   1. {main}() /home/k/projects/kinisi/plugins/system/plugin_googlemap3/plugin_googlemap3.css.php:0
[14-Mar-2018 18:30:03 UTC] PHP Warning:  require_once(/home/k/projects/kinisi/libraries/joomla/factory.php): failed to open stream: No such file or directory in /home/k/projects/kinisi/plugins/system/plugin_googlemap3/plugin_googlemap3.css.php on line 50
[14-Mar-2018 18:30:03 UTC] PHP Stack trace:
[14-Mar-2018 18:30:03 UTC] PHP   1. {main}() /home/k/projects/kinisi/plugins/system/plugin_googlemap3/plugin_googlemap3.css.php:0
[14-Mar-2018 18:30:03 UTC] PHP Fatal error:  require_once(): Failed opening required '/home/k/projects/kinisi/libraries/joomla/factory.php' (include_path='.:/usr/share/php56/pear') in /home/k/projects/kinisi/plugins/system/plugin_googlemap3/plugin_googlemap3.css.php on line 50
[14-Mar-2018 18:30:03 UTC] PHP Stack trace:
[14-Mar-2018 18:30:03 UTC] PHP   1. {main}() /home/k/projects/kinisi/plugins/system/plugin_googlemap3/plugin_googlemap3.css.php:0
[14-Mar-2018 18:31:44 UTC] PHP Warning:  require_once(/home/k/projects/kinisi/libraries/joomla/factory.php): failed to open stream: No such file or directory in /home/k/projects/kinisi/plugins/system/plugin_googlemap3/plugin_googlemap3.css.php on line 50
[14-Mar-2018 18:31:44 UTC] PHP Stack trace:
[14-Mar-2018 18:31:44 UTC] PHP   1. {main}() /home/k/projects/kinisi/plugins/system/plugin_googlemap3/plugin_googlemap3.css.php:0
[14-Mar-2018 18:31:44 UTC] PHP Fatal error:  require_once(): Failed opening required '/home/k/projects/kinisi/libraries/joomla/factory.php' (include_path='.:/usr/share/php56/pear') in /home/k/projects/kinisi/plugins/system/plugin_googlemap3/plugin_googlemap3.css.php on line 50
[14-Mar-2018 18:31:44 UTC] PHP Stack trace:
[14-Mar-2018 18:31:44 UTC] PHP   1. {main}() /home/k/projects/kinisi/plugins/system/plugin_googlemap3/plugin_googlemap3.css.php:0
[14-Mar-2018 18:32:23 UTC] PHP Warning:  require_once(/home/k/projects/kinisi/libraries/joomla/factory.php): failed to open stream: No such file or directory in /home/k/projects/kinisi/plugins/system/plugin_googlemap3/plugin_googlemap3.css.php on line 50
[14-Mar-2018 18:32:23 UTC] PHP Stack trace:
[14-Mar-2018 18:32:23 UTC] PHP   1. {main}() /home/k/projects/kinisi/plugins/system/plugin_googlemap3/plugin_googlemap3.css.php:0
[14-Mar-2018 18:32:23 UTC] PHP Fatal error:  require_once(): Failed opening required '/home/k/projects/kinisi/libraries/joomla/factory.php' (include_path='.:/usr/share/php56/pear') in /home/k/projects/kinisi/plugins/system/plugin_googlemap3/plugin_googlemap3.css.php on line 50
[14-Mar-2018 18:32:23 UTC] PHP Stack trace:
[14-Mar-2018 18:32:23 UTC] PHP   1. {main}() /home/k/projects/kinisi/plugins/system/plugin_googlemap3/plugin_googlemap3.css.php:0
[14-Mar-2018 18:33:08 UTC] PHP Warning:  require_once(/home/k/projects/kinisi/libraries/joomla/factory.php): failed to open stream: No such file or directory in /home/k/projects/kinisi/plugins/system/plugin_googlemap3/plugin_googlemap3.css.php on line 50
[14-Mar-2018 18:33:08 UTC] PHP Stack trace:
[14-Mar-2018 18:33:08 UTC] PHP   1. {main}() /home/k/projects/kinisi/plugins/system/plugin_googlemap3/plugin_googlemap3.css.php:0
[14-Mar-2018 18:33:08 UTC] PHP Fatal error:  require_once(): Failed opening required '/home/k/projects/kinisi/libraries/joomla/factory.php' (include_path='.:/usr/share/php56/pear') in /home/k/projects/kinisi/plugins/system/plugin_googlemap3/plugin_googlemap3.css.php on line 50
[14-Mar-2018 18:33:08 UTC] PHP Stack trace:
[14-Mar-2018 18:33:08 UTC] PHP   1. {main}() /home/k/projects/kinisi/plugins/system/plugin_googlemap3/plugin_googlemap3.css.php:0
[14-Mar-2018 18:33:33 UTC] PHP Warning:  require_once(/home/k/projects/kinisi/libraries/joomla/factory.php): failed to open stream: No such file or directory in /home/k/projects/kinisi/plugins/system/plugin_googlemap3/plugin_googlemap3.css.php on line 50
[14-Mar-2018 18:33:33 UTC] PHP Stack trace:
[14-Mar-2018 18:33:33 UTC] PHP   1. {main}() /home/k/projects/kinisi/plugins/system/plugin_googlemap3/plugin_googlemap3.css.php:0
[14-Mar-2018 18:33:33 UTC] PHP Fatal error:  require_once(): Failed opening required '/home/k/projects/kinisi/libraries/joomla/factory.php' (include_path='.:/usr/share/php56/pear') in /home/k/projects/kinisi/plugins/system/plugin_googlemap3/plugin_googlemap3.css.php on line 50
[14-Mar-2018 18:33:33 UTC] PHP Stack trace:
[14-Mar-2018 18:33:33 UTC] PHP   1. {main}() /home/k/projects/kinisi/plugins/system/plugin_googlemap3/plugin_googlemap3.css.php:0
[14-Mar-2018 18:34:10 UTC] PHP Warning:  require_once(/home/k/projects/kinisi/libraries/joomla/factory.php): failed to open stream: No such file or directory in /home/k/projects/kinisi/plugins/system/plugin_googlemap3/plugin_googlemap3.css.php on line 50
[14-Mar-2018 18:34:10 UTC] PHP Stack trace:
[14-Mar-2018 18:34:10 UTC] PHP   1. {main}() /home/k/projects/kinisi/plugins/system/plugin_googlemap3/plugin_googlemap3.css.php:0
[14-Mar-2018 18:34:10 UTC] PHP Fatal error:  require_once(): Failed opening required '/home/k/projects/kinisi/libraries/joomla/factory.php' (include_path='.:/usr/share/php56/pear') in /home/k/projects/kinisi/plugins/system/plugin_googlemap3/plugin_googlemap3.css.php on line 50
[14-Mar-2018 18:34:10 UTC] PHP Stack trace:
[14-Mar-2018 18:34:10 UTC] PHP   1. {main}() /home/k/projects/kinisi/plugins/system/plugin_googlemap3/plugin_googlemap3.css.php:0
[14-Mar-2018 18:40:04 UTC] PHP Warning:  require_once(/home/k/projects/kinisi/libraries/joomla/factory.php): failed to open stream: No such file or directory in /home/k/projects/kinisi/plugins/system/plugin_googlemap3/plugin_googlemap3.css.php on line 50
[14-Mar-2018 18:40:04 UTC] PHP Stack trace:
[14-Mar-2018 18:40:04 UTC] PHP   1. {main}() /home/k/projects/kinisi/plugins/system/plugin_googlemap3/plugin_googlemap3.css.php:0
[14-Mar-2018 18:40:04 UTC] PHP Fatal error:  require_once(): Failed opening required '/home/k/projects/kinisi/libraries/joomla/factory.php' (include_path='.:/usr/share/php56/pear') in /home/k/projects/kinisi/plugins/system/plugin_googlemap3/plugin_googlemap3.css.php on line 50
[14-Mar-2018 18:40:04 UTC] PHP Stack trace:
[14-Mar-2018 18:40:04 UTC] PHP   1. {main}() /home/k/projects/kinisi/plugins/system/plugin_googlemap3/plugin_googlemap3.css.php:0
[14-Mar-2018 18:41:49 UTC] PHP Warning:  require_once(/home/k/projects/kinisi/libraries/joomla/factory.php): failed to open stream: No such file or directory in /home/k/projects/kinisi/plugins/system/plugin_googlemap3/plugin_googlemap3.css.php on line 50
[14-Mar-2018 18:41:49 UTC] PHP Stack trace:
[14-Mar-2018 18:41:49 UTC] PHP   1. {main}() /home/k/projects/kinisi/plugins/system/plugin_googlemap3/plugin_googlemap3.css.php:0
[14-Mar-2018 18:41:49 UTC] PHP Fatal error:  require_once(): Failed opening required '/home/k/projects/kinisi/libraries/joomla/factory.php' (include_path='.:/usr/share/php56/pear') in /home/k/projects/kinisi/plugins/system/plugin_googlemap3/plugin_googlemap3.css.php on line 50
[14-Mar-2018 18:41:49 UTC] PHP Stack trace:
[14-Mar-2018 18:41:49 UTC] PHP   1. {main}() /home/k/projects/kinisi/plugins/system/plugin_googlemap3/plugin_googlemap3.css.php:0
[14-Mar-2018 18:42:09 UTC] PHP Warning:  require_once(/home/k/projects/kinisi/libraries/joomla/factory.php): failed to open stream: No such file or directory in /home/k/projects/kinisi/plugins/system/plugin_googlemap3/plugin_googlemap3.css.php on line 50
[14-Mar-2018 18:42:09 UTC] PHP Stack trace:
[14-Mar-2018 18:42:09 UTC] PHP   1. {main}() /home/k/projects/kinisi/plugins/system/plugin_googlemap3/plugin_googlemap3.css.php:0
[14-Mar-2018 18:42:09 UTC] PHP Fatal error:  require_once(): Failed opening required '/home/k/projects/kinisi/libraries/joomla/factory.php' (include_path='.:/usr/share/php56/pear') in /home/k/projects/kinisi/plugins/system/plugin_googlemap3/plugin_googlemap3.css.php on line 50
[14-Mar-2018 18:42:09 UTC] PHP Stack trace:
[14-Mar-2018 18:42:09 UTC] PHP   1. {main}() /home/k/projects/kinisi/plugins/system/plugin_googlemap3/plugin_googlemap3.css.php:0
[14-Mar-2018 18:42:36 UTC] PHP Warning:  require_once(/home/k/projects/kinisi/libraries/joomla/factory.php): failed to open stream: No such file or directory in /home/k/projects/kinisi/plugins/system/plugin_googlemap3/plugin_googlemap3.css.php on line 50
[14-Mar-2018 18:42:36 UTC] PHP Stack trace:
[14-Mar-2018 18:42:36 UTC] PHP   1. {main}() /home/k/projects/kinisi/plugins/system/plugin_googlemap3/plugin_googlemap3.css.php:0
[14-Mar-2018 18:42:36 UTC] PHP Fatal error:  require_once(): Failed opening required '/home/k/projects/kinisi/libraries/joomla/factory.php' (include_path='.:/usr/share/php56/pear') in /home/k/projects/kinisi/plugins/system/plugin_googlemap3/plugin_googlemap3.css.php on line 50
[14-Mar-2018 18:42:36 UTC] PHP Stack trace:
[14-Mar-2018 18:42:36 UTC] PHP   1. {main}() /home/k/projects/kinisi/plugins/system/plugin_googlemap3/plugin_googlemap3.css.php:0
[14-Mar-2018 18:43:10 UTC] PHP Warning:  require_once(/home/k/projects/kinisi/libraries/joomla/factory.php): failed to open stream: No such file or directory in /home/k/projects/kinisi/plugins/system/plugin_googlemap3/plugin_googlemap3.css.php on line 50
[14-Mar-2018 18:43:10 UTC] PHP Stack trace:
[14-Mar-2018 18:43:10 UTC] PHP   1. {main}() /home/k/projects/kinisi/plugins/system/plugin_googlemap3/plugin_googlemap3.css.php:0
[14-Mar-2018 18:43:10 UTC] PHP Fatal error:  require_once(): Failed opening required '/home/k/projects/kinisi/libraries/joomla/factory.php' (include_path='.:/usr/share/php56/pear') in /home/k/projects/kinisi/plugins/system/plugin_googlemap3/plugin_googlemap3.css.php on line 50
[14-Mar-2018 18:43:10 UTC] PHP Stack trace:
[14-Mar-2018 18:43:10 UTC] PHP   1. {main}() /home/k/projects/kinisi/plugins/system/plugin_googlemap3/plugin_googlemap3.css.php:0
[14-Mar-2018 18:43:33 UTC] PHP Warning:  require_once(/home/k/projects/kinisi/libraries/joomla/factory.php): failed to open stream: No such file or directory in /home/k/projects/kinisi/plugins/system/plugin_googlemap3/plugin_googlemap3.css.php on line 50
[14-Mar-2018 18:43:33 UTC] PHP Stack trace:
[14-Mar-2018 18:43:33 UTC] PHP   1. {main}() /home/k/projects/kinisi/plugins/system/plugin_googlemap3/plugin_googlemap3.css.php:0
[14-Mar-2018 18:43:33 UTC] PHP Fatal error:  require_once(): Failed opening required '/home/k/projects/kinisi/libraries/joomla/factory.php' (include_path='.:/usr/share/php56/pear') in /home/k/projects/kinisi/plugins/system/plugin_googlemap3/plugin_googlemap3.css.php on line 50
[14-Mar-2018 18:43:33 UTC] PHP Stack trace:
[14-Mar-2018 18:43:33 UTC] PHP   1. {main}() /home/k/projects/kinisi/plugins/system/plugin_googlemap3/plugin_googlemap3.css.php:0
[14-Mar-2018 18:45:04 UTC] PHP Warning:  require_once(/home/k/projects/kinisi/libraries/joomla/factory.php): failed to open stream: No such file or directory in /home/k/projects/kinisi/plugins/system/plugin_googlemap3/plugin_googlemap3.css.php on line 50
[14-Mar-2018 18:45:04 UTC] PHP Stack trace:
[14-Mar-2018 18:45:04 UTC] PHP   1. {main}() /home/k/projects/kinisi/plugins/system/plugin_googlemap3/plugin_googlemap3.css.php:0
[14-Mar-2018 18:45:04 UTC] PHP Fatal error:  require_once(): Failed opening required '/home/k/projects/kinisi/libraries/joomla/factory.php' (include_path='.:/usr/share/php56/pear') in /home/k/projects/kinisi/plugins/system/plugin_googlemap3/plugin_googlemap3.css.php on line 50
[14-Mar-2018 18:45:04 UTC] PHP Stack trace:
[14-Mar-2018 18:45:04 UTC] PHP   1. {main}() /home/k/projects/kinisi/plugins/system/plugin_googlemap3/plugin_googlemap3.css.php:0
[14-Mar-2018 18:45:25 UTC] PHP Warning:  require_once(/home/k/projects/kinisi/libraries/joomla/factory.php): failed to open stream: No such file or directory in /home/k/projects/kinisi/plugins/system/plugin_googlemap3/plugin_googlemap3.css.php on line 50
[14-Mar-2018 18:45:25 UTC] PHP Stack trace:
[14-Mar-2018 18:45:25 UTC] PHP   1. {main}() /home/k/projects/kinisi/plugins/system/plugin_googlemap3/plugin_googlemap3.css.php:0
[14-Mar-2018 18:45:25 UTC] PHP Fatal error:  require_once(): Failed opening required '/home/k/projects/kinisi/libraries/joomla/factory.php' (include_path='.:/usr/share/php56/pear') in /home/k/projects/kinisi/plugins/system/plugin_googlemap3/plugin_googlemap3.css.php on line 50
[14-Mar-2018 18:45:25 UTC] PHP Stack trace:
[14-Mar-2018 18:45:25 UTC] PHP   1. {main}() /home/k/projects/kinisi/plugins/system/plugin_googlemap3/plugin_googlemap3.css.php:0
